<?xml version="1.0" encoding="utf-8" ?>
<!DOCTYPE html PUBLIC "-//W3C//DTD XHTML 1.0 Strict//EN"
        "http://www.w3.org/TR/xhtml1/DTD/xhtml1-strict.dtd">
<html xmlns="http://www.w3.org/1999/xhtml" xml:lang="" lang="">
<head>
  <title>Test Results Report - Main</title>
  <meta http-equiv="Content-Type" content="text/html;charset=utf-8" />
  <meta name="description" content="TestNG unit test results." />
  <link href="reportng.css" rel="stylesheet" type="text/css" />
    <script type="text/javascript" src="reportng.js"></script>
</head>
<body>
<h1>Main</h1>
<p>
  Test duration: 325,916s
</p>



  <table class="resultsTable">
    <tr><th colspan="3" class="header failed">Failed Tests</th></tr>
          <tr>
        <td colspan="3" class="group">autoTests.TestRunner</td>
      </tr>
            
<tr>
  <td class="method">
                  A1
      </td>
  <td class="duration">
    41,304s
  </td>
  <td class="result">
        
    
            <div class="testOutput">
                        <form id = "A1form" action= "" method="post">
<font color="blue" size="3">о портале</font>
<input type="Submit" value="Выполнить">
</form> 
<script type="text/javascript">
	var currentURL = document.URL;
	currentURL = currentURL.substring(0,currentURL.indexOf("/HTML_Report/"));
var jobNameStartIndex = currentURL.indexOf("AT.SELENIUM.");
while(currentURL.lastIndexOf("/") > jobNameStartIndex)
  currentURL = currentURL.substring(0,currentURL.lastIndexOf("/")); 	document.getElementById('A1form').action = currentURL + "/buildWithParameters?suiteFile=testng.xml&test=autoTests.TestRunner%23A1";
</script>
                                <b>1. Перейдем на страницу о портале</b><br>
                                <b>2. Выполним проверки</b><br>
                                <center>Скриншот снят при падении теста A1.png, URL = https://beta.test.igov.org.ua/about<br><div><a target="_blank" href="Screens/A1.png"><img  style="height:400px; width: 600px;"  src="Screens/A1.png"></a></div><center><br><br>
                  </div>
    

        <a href="javascript:toggleElement('exception-0', 'block')" title="Click to expand/collapse"><b>org.openqa.selenium.NoSuchElementException: no such element: Unable to locate element: {&quot;method&quot;:&quot;xpath&quot;,&quot;selector&quot;:&quot;//div[@class=&apos;col-md-12 ctrls-about&apos;]/p[4]&quot;}<br/>
&nbsp; (Session info: chrome=52.0.2743.82)<br/>
&nbsp; (Driver info: chromedriver=2.20.353124 (035346203162d32c80f1dce587c8154a1efa0c3b),platform=Linux 3.14.35-28.38.amzn1.x86_64 x86_64) (WARNING: The server did not provide any stacktrace information)<br/>
Command duration or timeout: 10.04 seconds<br/>
For documentation on this error, please visit: http://seleniumhq.org/exceptions/no_such_element.html<br/>
Build info: version: &apos;2.46.0&apos;, revision: &apos;61506a4624b13675f24581e453592342b7485d71&apos;, time: &apos;2015-06-04 10:22:50&apos;<br/>
System info: host: &apos;iGov-AWS-Tech&apos;, ip: &apos;10.60.64.20&apos;, os.name: &apos;Linux&apos;, os.arch: &apos;amd64&apos;, os.version: &apos;3.14.35-28.38.amzn1.x86_64&apos;, java.version: &apos;1.8.0_73&apos;<br/>
Driver info: org.openqa.selenium.chrome.ChromeDriver<br/>
Capabilities [{applicationCacheEnabled=false, rotatable=false, mobileEmulationEnabled=false, chrome={userDataDir=/tmp/.com.google.Chrome.hvIJSj}, takesHeapSnapshot=true, databaseEnabled=false, handlesAlerts=true, hasTouchScreen=false, version=52.0.2743.82, platform=LINUX, browserConnectionEnabled=false, nativeEvents=true, acceptSslCerts=true, locationContextEnabled=true, webStorageEnabled=true, browserName=chrome, takesScreenshot=true, javascriptEnabled=true, cssSelectorsEnabled=true}]<br/>
Session ID: a043ff265810bd09bdf38d0cee9c9722<br/>
*** Element info: {Using=xpath, value=//div[@class=&apos;col-md-12 ctrls-about&apos;]/p[4]}</b></a><br />
    <div class="stackTrace" id="exception-0">
              sun.reflect.NativeConstructorAccessorImpl.newInstance0(Native Method)<br />
              sun.reflect.NativeConstructorAccessorImpl.newInstance(NativeConstructorAccessorImpl.java:62)<br />
              sun.reflect.DelegatingConstructorAccessorImpl.newInstance(DelegatingConstructorAccessorImpl.java:45)<br />
              java.lang.reflect.Constructor.newInstance(Constructor.java:422)<br />
              org.openqa.selenium.remote.ErrorHandler.createThrowable(ErrorHandler.java:204)<br />
              org.openqa.selenium.remote.ErrorHandler.throwIfResponseFailed(ErrorHandler.java:156)<br />
              org.openqa.selenium.remote.RemoteWebDriver.execute(RemoteWebDriver.java:605)<br />
              org.openqa.selenium.remote.RemoteWebDriver.findElement(RemoteWebDriver.java:358)<br />
              org.openqa.selenium.remote.RemoteWebDriver.findElementByXPath(RemoteWebDriver.java:455)<br />
              org.openqa.selenium.By$ByXPath.findElement(By.java:358)<br />
              org.openqa.selenium.remote.RemoteWebDriver.findElement(RemoteWebDriver.java:350)<br />
              org.openqa.selenium.support.pagefactory.DefaultElementLocator.findElement(DefaultElementLocator.java:69)<br />
              org.openqa.selenium.support.pagefactory.internal.LocatingElementHandler.invoke(LocatingElementHandler.java:38)<br />
              com.sun.proxy.$Proxy7.getText(Unknown Source)<br />
              autoTests.TestSuite.A1_AboutPortal(TestSuite.java:42)<br />
              autoTests.TestRunner.A1(TestRunner.java:18)<br />
              sun.reflect.NativeMethodAccessorImpl.invoke0(Native Method)<br />
              sun.reflect.NativeMethodAccessorImpl.invoke(NativeMethodAccessorImpl.java:62)<br />
              sun.reflect.DelegatingMethodAccessorImpl.invoke(DelegatingMethodAccessorImpl.java:43)<br />
              java.lang.reflect.Method.invoke(Method.java:497)<br />
              org.testng.internal.MethodInvocationHelper.invokeMethod(MethodInvocationHelper.java:85)<br />
              org.testng.internal.Invoker.invokeMethod(Invoker.java:639)<br />
              org.testng.internal.Invoker.invokeTestMethod(Invoker.java:821)<br />
              org.testng.internal.Invoker.invokeTestMethods(Invoker.java:1131)<br />
              org.testng.internal.TestMethodWorker.invokeTestMethods(TestMethodWorker.java:124)<br />
              org.testng.internal.TestMethodWorker.run(TestMethodWorker.java:108)<br />
              org.testng.TestRunner.privateRun(TestRunner.java:773)<br />
              org.testng.TestRunner.run(TestRunner.java:623)<br />
              org.testng.SuiteRunner.runTest(SuiteRunner.java:357)<br />
              org.testng.SuiteRunner.access$000(SuiteRunner.java:39)<br />
              org.testng.SuiteRunner$SuiteWorker.run(SuiteRunner.java:391)<br />
              org.testng.internal.thread.ThreadUtil$2.call(ThreadUtil.java:64)<br />
              java.util.concurrent.FutureTask.run(FutureTask.java:266)<br />
              java.util.concurrent.ThreadPoolExecutor.runWorker(ThreadPoolExecutor.java:1142)<br />
              java.util.concurrent.ThreadPoolExecutor$Worker.run(ThreadPoolExecutor.java:617)<br />
              java.lang.Thread.run(Thread.java:745)<br />
                </div>
      </td>
</tr>
<tr>
  <td class="method">
                  A2
      </td>
  <td class="duration">
    29,694s
  </td>
  <td class="result">
        
    
            <div class="testOutput">
                        <form id = "A2form" action= "" method="post">
<font color="blue" size="3">Футер</font>
<input type="Submit" value="Выполнить">
</form> 
<script type="text/javascript">
	var currentURL = document.URL;
	currentURL = currentURL.substring(0,currentURL.indexOf("/HTML_Report/"));
var jobNameStartIndex = currentURL.indexOf("AT.SELENIUM.");
while(currentURL.lastIndexOf("/") > jobNameStartIndex)
  currentURL = currentURL.substring(0,currentURL.lastIndexOf("/")); 	document.getElementById('A2form').action = currentURL + "/buildWithParameters?suiteFile=testng.xml&test=autoTests.TestRunner%23A2";
</script>
                                <b>1. Перейдем на страницу</b><br>
                                <b>2. Выполним проверки</b><br>
                                <center>Скриншот снят при падении теста A2.png, URL = https://beta.test.igov.org.ua/<br><div><a target="_blank" href="Screens/A2.png"><img  style="height:400px; width: 600px;"  src="Screens/A2.png"></a></div><center><br><br>
                  </div>
    

        <a href="javascript:toggleElement('exception-1', 'block')" title="Click to expand/collapse"><b>org.openqa.selenium.NoSuchElementException: no such element: Unable to locate element: {&quot;method&quot;:&quot;xpath&quot;,&quot;selector&quot;:&quot;//a[@href=&apos;https://docs.google.com/forms/d/1ueU6PQa-OSA2Tsisxx2RbRWRJ9rLsFlPBlHsr7W-4gE/viewform&apos;][text()=&apos;Повідомити про помилку на порталі&apos;]&quot;}<br/>
&nbsp; (Session info: chrome=52.0.2743.82)<br/>
&nbsp; (Driver info: chromedriver=2.20.353124 (035346203162d32c80f1dce587c8154a1efa0c3b),platform=Linux 3.14.35-28.38.amzn1.x86_64 x86_64) (WARNING: The server did not provide any stacktrace information)<br/>
Command duration or timeout: 10.05 seconds<br/>
For documentation on this error, please visit: http://seleniumhq.org/exceptions/no_such_element.html<br/>
Build info: version: &apos;2.46.0&apos;, revision: &apos;61506a4624b13675f24581e453592342b7485d71&apos;, time: &apos;2015-06-04 10:22:50&apos;<br/>
System info: host: &apos;iGov-AWS-Tech&apos;, ip: &apos;10.60.64.20&apos;, os.name: &apos;Linux&apos;, os.arch: &apos;amd64&apos;, os.version: &apos;3.14.35-28.38.amzn1.x86_64&apos;, java.version: &apos;1.8.0_73&apos;<br/>
Driver info: org.openqa.selenium.chrome.ChromeDriver<br/>
Capabilities [{applicationCacheEnabled=false, rotatable=false, mobileEmulationEnabled=false, chrome={userDataDir=/tmp/.com.google.Chrome.hvIJSj}, takesHeapSnapshot=true, databaseEnabled=false, handlesAlerts=true, hasTouchScreen=false, version=52.0.2743.82, platform=LINUX, browserConnectionEnabled=false, nativeEvents=true, acceptSslCerts=true, locationContextEnabled=true, webStorageEnabled=true, browserName=chrome, takesScreenshot=true, javascriptEnabled=true, cssSelectorsEnabled=true}]<br/>
Session ID: a043ff265810bd09bdf38d0cee9c9722<br/>
*** Element info: {Using=xpath, value=//a[@href=&apos;https://docs.google.com/forms/d/1ueU6PQa-OSA2Tsisxx2RbRWRJ9rLsFlPBlHsr7W-4gE/viewform&apos;][text()=&apos;Повідомити про помилку на порталі&apos;]}</b></a><br />
    <div class="stackTrace" id="exception-1">
              sun.reflect.NativeConstructorAccessorImpl.newInstance0(Native Method)<br />
              sun.reflect.NativeConstructorAccessorImpl.newInstance(NativeConstructorAccessorImpl.java:62)<br />
              sun.reflect.DelegatingConstructorAccessorImpl.newInstance(DelegatingConstructorAccessorImpl.java:45)<br />
              java.lang.reflect.Constructor.newInstance(Constructor.java:422)<br />
              org.openqa.selenium.remote.ErrorHandler.createThrowable(ErrorHandler.java:204)<br />
              org.openqa.selenium.remote.ErrorHandler.throwIfResponseFailed(ErrorHandler.java:156)<br />
              org.openqa.selenium.remote.RemoteWebDriver.execute(RemoteWebDriver.java:605)<br />
              org.openqa.selenium.remote.RemoteWebDriver.findElement(RemoteWebDriver.java:358)<br />
              org.openqa.selenium.remote.RemoteWebDriver.findElementByXPath(RemoteWebDriver.java:455)<br />
              org.openqa.selenium.By$ByXPath.findElement(By.java:358)<br />
              org.openqa.selenium.remote.RemoteWebDriver.findElement(RemoteWebDriver.java:350)<br />
              org.openqa.selenium.support.pagefactory.DefaultElementLocator.findElement(DefaultElementLocator.java:69)<br />
              org.openqa.selenium.support.pagefactory.internal.LocatingElementHandler.invoke(LocatingElementHandler.java:38)<br />
              com.sun.proxy.$Proxy7.isDisplayed(Unknown Source)<br />
              autoTests.TestSuite.A2_Footer(TestSuite.java:58)<br />
              autoTests.TestRunner.A2(TestRunner.java:28)<br />
              sun.reflect.NativeMethodAccessorImpl.invoke0(Native Method)<br />
              sun.reflect.NativeMethodAccessorImpl.invoke(NativeMethodAccessorImpl.java:62)<br />
              sun.reflect.DelegatingMethodAccessorImpl.invoke(DelegatingMethodAccessorImpl.java:43)<br />
              java.lang.reflect.Method.invoke(Method.java:497)<br />
              org.testng.internal.MethodInvocationHelper.invokeMethod(MethodInvocationHelper.java:85)<br />
              org.testng.internal.Invoker.invokeMethod(Invoker.java:639)<br />
              org.testng.internal.Invoker.invokeTestMethod(Invoker.java:821)<br />
              org.testng.internal.Invoker.invokeTestMethods(Invoker.java:1131)<br />
              org.testng.internal.TestMethodWorker.invokeTestMethods(TestMethodWorker.java:124)<br />
              org.testng.internal.TestMethodWorker.run(TestMethodWorker.java:108)<br />
              org.testng.TestRunner.privateRun(TestRunner.java:773)<br />
              org.testng.TestRunner.run(TestRunner.java:623)<br />
              org.testng.SuiteRunner.runTest(SuiteRunner.java:357)<br />
              org.testng.SuiteRunner.access$000(SuiteRunner.java:39)<br />
              org.testng.SuiteRunner$SuiteWorker.run(SuiteRunner.java:391)<br />
              org.testng.internal.thread.ThreadUtil$2.call(ThreadUtil.java:64)<br />
              java.util.concurrent.FutureTask.run(FutureTask.java:266)<br />
              java.util.concurrent.ThreadPoolExecutor.runWorker(ThreadPoolExecutor.java:1142)<br />
              java.util.concurrent.ThreadPoolExecutor$Worker.run(ThreadPoolExecutor.java:617)<br />
              java.lang.Thread.run(Thread.java:745)<br />
                </div>
      </td>
</tr>
<tr>
  <td class="method">
                  A3
      </td>
  <td class="duration">
    11,557s
  </td>
  <td class="result">
        
    
            <div class="testOutput">
                        <form id = "A3form" action= "" method="post">
<font color="blue" size="3">Хедер</font>
<input type="Submit" value="Выполнить">
</form> 
<script type="text/javascript">
	var currentURL = document.URL;
	currentURL = currentURL.substring(0,currentURL.indexOf("/HTML_Report/"));
var jobNameStartIndex = currentURL.indexOf("AT.SELENIUM.");
while(currentURL.lastIndexOf("/") > jobNameStartIndex)
  currentURL = currentURL.substring(0,currentURL.lastIndexOf("/")); 	document.getElementById('A3form').action = currentURL + "/buildWithParameters?suiteFile=testng.xml&test=autoTests.TestRunner%23A3";
</script>
                                <b>1. Перейдем на страницу</b><br>
                                <b>2. Выполним проверки</b><br>
                                <center>Скриншот снят при падении теста A3.png, URL = https://beta.test.igov.org.ua/<br><div><a target="_blank" href="Screens/A3.png"><img  style="height:400px; width: 600px;"  src="Screens/A3.png"></a></div><center><br><br>
                  </div>
    

        <a href="javascript:toggleElement('exception-2', 'block')" title="Click to expand/collapse"><b>org.openqa.selenium.NoSuchElementException: no such element: Unable to locate element: {&quot;method&quot;:&quot;xpath&quot;,&quot;selector&quot;:&quot;//a[@href=&apos;/documents&apos;][text()=&apos;Документи&apos;]&quot;}<br/>
&nbsp; (Session info: chrome=52.0.2743.82)<br/>
&nbsp; (Driver info: chromedriver=2.20.353124 (035346203162d32c80f1dce587c8154a1efa0c3b),platform=Linux 3.14.35-28.38.amzn1.x86_64 x86_64) (WARNING: The server did not provide any stacktrace information)<br/>
Command duration or timeout: 10.03 seconds<br/>
For documentation on this error, please visit: http://seleniumhq.org/exceptions/no_such_element.html<br/>
Build info: version: &apos;2.46.0&apos;, revision: &apos;61506a4624b13675f24581e453592342b7485d71&apos;, time: &apos;2015-06-04 10:22:50&apos;<br/>
System info: host: &apos;iGov-AWS-Tech&apos;, ip: &apos;10.60.64.20&apos;, os.name: &apos;Linux&apos;, os.arch: &apos;amd64&apos;, os.version: &apos;3.14.35-28.38.amzn1.x86_64&apos;, java.version: &apos;1.8.0_73&apos;<br/>
Driver info: org.openqa.selenium.chrome.ChromeDriver<br/>
Capabilities [{applicationCacheEnabled=false, rotatable=false, mobileEmulationEnabled=false, chrome={userDataDir=/tmp/.com.google.Chrome.hvIJSj}, takesHeapSnapshot=true, databaseEnabled=false, handlesAlerts=true, hasTouchScreen=false, version=52.0.2743.82, platform=LINUX, browserConnectionEnabled=false, nativeEvents=true, acceptSslCerts=true, locationContextEnabled=true, webStorageEnabled=true, browserName=chrome, takesScreenshot=true, javascriptEnabled=true, cssSelectorsEnabled=true}]<br/>
Session ID: a043ff265810bd09bdf38d0cee9c9722<br/>
*** Element info: {Using=xpath, value=//a[@href=&apos;/documents&apos;][text()=&apos;Документи&apos;]}</b></a><br />
    <div class="stackTrace" id="exception-2">
              sun.reflect.NativeConstructorAccessorImpl.newInstance0(Native Method)<br />
              sun.reflect.NativeConstructorAccessorImpl.newInstance(NativeConstructorAccessorImpl.java:62)<br />
              sun.reflect.DelegatingConstructorAccessorImpl.newInstance(DelegatingConstructorAccessorImpl.java:45)<br />
              java.lang.reflect.Constructor.newInstance(Constructor.java:422)<br />
              org.openqa.selenium.remote.ErrorHandler.createThrowable(ErrorHandler.java:204)<br />
              org.openqa.selenium.remote.ErrorHandler.throwIfResponseFailed(ErrorHandler.java:156)<br />
              org.openqa.selenium.remote.RemoteWebDriver.execute(RemoteWebDriver.java:605)<br />
              org.openqa.selenium.remote.RemoteWebDriver.findElement(RemoteWebDriver.java:358)<br />
              org.openqa.selenium.remote.RemoteWebDriver.findElementByXPath(RemoteWebDriver.java:455)<br />
              org.openqa.selenium.By$ByXPath.findElement(By.java:358)<br />
              org.openqa.selenium.remote.RemoteWebDriver.findElement(RemoteWebDriver.java:350)<br />
              org.openqa.selenium.support.pagefactory.DefaultElementLocator.findElement(DefaultElementLocator.java:69)<br />
              org.openqa.selenium.support.pagefactory.internal.LocatingElementHandler.invoke(LocatingElementHandler.java:38)<br />
              com.sun.proxy.$Proxy7.isDisplayed(Unknown Source)<br />
              autoTests.TestSuite.A3_Header(TestSuite.java:73)<br />
              autoTests.TestRunner.A3(TestRunner.java:38)<br />
              sun.reflect.NativeMethodAccessorImpl.invoke0(Native Method)<br />
              sun.reflect.NativeMethodAccessorImpl.invoke(NativeMethodAccessorImpl.java:62)<br />
              sun.reflect.DelegatingMethodAccessorImpl.invoke(DelegatingMethodAccessorImpl.java:43)<br />
              java.lang.reflect.Method.invoke(Method.java:497)<br />
              org.testng.internal.MethodInvocationHelper.invokeMethod(MethodInvocationHelper.java:85)<br />
              org.testng.internal.Invoker.invokeMethod(Invoker.java:639)<br />
              org.testng.internal.Invoker.invokeTestMethod(Invoker.java:821)<br />
              org.testng.internal.Invoker.invokeTestMethods(Invoker.java:1131)<br />
              org.testng.internal.TestMethodWorker.invokeTestMethods(TestMethodWorker.java:124)<br />
              org.testng.internal.TestMethodWorker.run(TestMethodWorker.java:108)<br />
              org.testng.TestRunner.privateRun(TestRunner.java:773)<br />
              org.testng.TestRunner.run(TestRunner.java:623)<br />
              org.testng.SuiteRunner.runTest(SuiteRunner.java:357)<br />
              org.testng.SuiteRunner.access$000(SuiteRunner.java:39)<br />
              org.testng.SuiteRunner$SuiteWorker.run(SuiteRunner.java:391)<br />
              org.testng.internal.thread.ThreadUtil$2.call(ThreadUtil.java:64)<br />
              java.util.concurrent.FutureTask.run(FutureTask.java:266)<br />
              java.util.concurrent.ThreadPoolExecutor.runWorker(ThreadPoolExecutor.java:1142)<br />
              java.util.concurrent.ThreadPoolExecutor$Worker.run(ThreadPoolExecutor.java:617)<br />
              java.lang.Thread.run(Thread.java:745)<br />
                </div>
      </td>
</tr>
<tr>
  <td class="method">
                  A7
      </td>
  <td class="duration">
    38,526s
  </td>
  <td class="result">
        
    
            <div class="testOutput">
                        <form id = "A7form" action= "" method="post">
<font color="blue" size="3">Доступ к документам без смс</font>
<input type="Submit" value="Выполнить">
</form> 
<script type="text/javascript">
	var currentURL = document.URL;
	currentURL = currentURL.substring(0,currentURL.indexOf("/HTML_Report/"));
var jobNameStartIndex = currentURL.indexOf("AT.SELENIUM.");
while(currentURL.lastIndexOf("/") > jobNameStartIndex)
  currentURL = currentURL.substring(0,currentURL.lastIndexOf("/")); 	document.getElementById('A7form').action = currentURL + "/buildWithParameters?suiteFile=testng.xml&test=autoTests.TestRunner%23A7";
</script>
                                <b>1. Перейдем на страницу</b><br>
                                <b>2. Выполним проверки</b><br>
                                <center>Скриншот снят при падении теста A7.png, URL = https://beta.test.igov.org.ua/<br><div><a target="_blank" href="Screens/A7.png"><img  style="height:400px; width: 600px;"  src="Screens/A7.png"></a></div><center><br><br>
                  </div>
    

        <a href="javascript:toggleElement('exception-3', 'block')" title="Click to expand/collapse"><b>org.openqa.selenium.NoSuchElementException: no such element: Unable to locate element: {&quot;method&quot;:&quot;xpath&quot;,&quot;selector&quot;:&quot;//a[@href=&apos;/documents&apos;][text()=&apos;Документи&apos;]&quot;}<br/>
&nbsp; (Session info: chrome=52.0.2743.82)<br/>
&nbsp; (Driver info: chromedriver=2.20.353124 (035346203162d32c80f1dce587c8154a1efa0c3b),platform=Linux 3.14.35-28.38.amzn1.x86_64 x86_64) (WARNING: The server did not provide any stacktrace information)<br/>
Command duration or timeout: 10.05 seconds<br/>
For documentation on this error, please visit: http://seleniumhq.org/exceptions/no_such_element.html<br/>
Build info: version: &apos;2.46.0&apos;, revision: &apos;61506a4624b13675f24581e453592342b7485d71&apos;, time: &apos;2015-06-04 10:22:50&apos;<br/>
System info: host: &apos;iGov-AWS-Tech&apos;, ip: &apos;10.60.64.20&apos;, os.name: &apos;Linux&apos;, os.arch: &apos;amd64&apos;, os.version: &apos;3.14.35-28.38.amzn1.x86_64&apos;, java.version: &apos;1.8.0_73&apos;<br/>
Driver info: org.openqa.selenium.chrome.ChromeDriver<br/>
Capabilities [{applicationCacheEnabled=false, rotatable=false, mobileEmulationEnabled=false, chrome={userDataDir=/tmp/.com.google.Chrome.hvIJSj}, takesHeapSnapshot=true, databaseEnabled=false, handlesAlerts=true, hasTouchScreen=false, version=52.0.2743.82, platform=LINUX, browserConnectionEnabled=false, nativeEvents=true, acceptSslCerts=true, locationContextEnabled=true, webStorageEnabled=true, browserName=chrome, takesScreenshot=true, javascriptEnabled=true, cssSelectorsEnabled=true}]<br/>
Session ID: a043ff265810bd09bdf38d0cee9c9722<br/>
*** Element info: {Using=xpath, value=//a[@href=&apos;/documents&apos;][text()=&apos;Документи&apos;]}</b></a><br />
    <div class="stackTrace" id="exception-3">
              sun.reflect.NativeConstructorAccessorImpl.newInstance0(Native Method)<br />
              sun.reflect.NativeConstructorAccessorImpl.newInstance(NativeConstructorAccessorImpl.java:62)<br />
              sun.reflect.DelegatingConstructorAccessorImpl.newInstance(DelegatingConstructorAccessorImpl.java:45)<br />
              java.lang.reflect.Constructor.newInstance(Constructor.java:422)<br />
              org.openqa.selenium.remote.ErrorHandler.createThrowable(ErrorHandler.java:204)<br />
              org.openqa.selenium.remote.ErrorHandler.throwIfResponseFailed(ErrorHandler.java:156)<br />
              org.openqa.selenium.remote.RemoteWebDriver.execute(RemoteWebDriver.java:605)<br />
              org.openqa.selenium.remote.RemoteWebDriver.findElement(RemoteWebDriver.java:358)<br />
              org.openqa.selenium.remote.RemoteWebDriver.findElementByXPath(RemoteWebDriver.java:455)<br />
              org.openqa.selenium.By$ByXPath.findElement(By.java:358)<br />
              org.openqa.selenium.remote.RemoteWebDriver.findElement(RemoteWebDriver.java:350)<br />
              org.openqa.selenium.support.pagefactory.DefaultElementLocator.findElement(DefaultElementLocator.java:69)<br />
              org.openqa.selenium.support.pagefactory.internal.LocatingElementHandler.invoke(LocatingElementHandler.java:38)<br />
              com.sun.proxy.$Proxy7.click(Unknown Source)<br />
              autoTests.CustomMethods.openDocumentsPage(CustomMethods.java:298)<br />
              autoTests.TestSuite.A7_AccessToDocumentWithoutSMS(TestSuite.java:165)<br />
              autoTests.TestRunner.A7(TestRunner.java:78)<br />
              sun.reflect.NativeMethodAccessorImpl.invoke0(Native Method)<br />
              sun.reflect.NativeMethodAccessorImpl.invoke(NativeMethodAccessorImpl.java:62)<br />
              sun.reflect.DelegatingMethodAccessorImpl.invoke(DelegatingMethodAccessorImpl.java:43)<br />
              java.lang.reflect.Method.invoke(Method.java:497)<br />
              org.testng.internal.MethodInvocationHelper.invokeMethod(MethodInvocationHelper.java:85)<br />
              org.testng.internal.Invoker.invokeMethod(Invoker.java:639)<br />
              org.testng.internal.Invoker.invokeTestMethod(Invoker.java:821)<br />
              org.testng.internal.Invoker.invokeTestMethods(Invoker.java:1131)<br />
              org.testng.internal.TestMethodWorker.invokeTestMethods(TestMethodWorker.java:124)<br />
              org.testng.internal.TestMethodWorker.run(TestMethodWorker.java:108)<br />
              org.testng.TestRunner.privateRun(TestRunner.java:773)<br />
              org.testng.TestRunner.run(TestRunner.java:623)<br />
              org.testng.SuiteRunner.runTest(SuiteRunner.java:357)<br />
              org.testng.SuiteRunner.access$000(SuiteRunner.java:39)<br />
              org.testng.SuiteRunner$SuiteWorker.run(SuiteRunner.java:391)<br />
              org.testng.internal.thread.ThreadUtil$2.call(ThreadUtil.java:64)<br />
              java.util.concurrent.FutureTask.run(FutureTask.java:266)<br />
              java.util.concurrent.ThreadPoolExecutor.runWorker(ThreadPoolExecutor.java:1142)<br />
              java.util.concurrent.ThreadPoolExecutor$Worker.run(ThreadPoolExecutor.java:617)<br />
              java.lang.Thread.run(Thread.java:745)<br />
                </div>
      </td>
</tr>
<tr>
  <td class="method">
                  A8
      </td>
  <td class="duration">
    40,099s
  </td>
  <td class="result">
        
    
            <div class="testOutput">
                        <form id = "A8form" action= "" method="post">
<font color="blue" size="3">Доступ к документам по смс</font>
<input type="Submit" value="Выполнить">
</form> 
<script type="text/javascript">
	var currentURL = document.URL;
	currentURL = currentURL.substring(0,currentURL.indexOf("/HTML_Report/"));
var jobNameStartIndex = currentURL.indexOf("AT.SELENIUM.");
while(currentURL.lastIndexOf("/") > jobNameStartIndex)
  currentURL = currentURL.substring(0,currentURL.lastIndexOf("/")); 	document.getElementById('A8form').action = currentURL + "/buildWithParameters?suiteFile=testng.xml&test=autoTests.TestRunner%23A8";
</script>
                                <b>1. Перейдем на страницу</b><br>
                                <b>2. Выполним проверки</b><br>
                                <center>Скриншот снят при падении теста A8.png, URL = https://beta.test.igov.org.ua/<br><div><a target="_blank" href="Screens/A8.png"><img  style="height:400px; width: 600px;"  src="Screens/A8.png"></a></div><center><br><br>
                  </div>
    

        <a href="javascript:toggleElement('exception-4', 'block')" title="Click to expand/collapse"><b>org.openqa.selenium.NoSuchElementException: no such element: Unable to locate element: {&quot;method&quot;:&quot;xpath&quot;,&quot;selector&quot;:&quot;//a[@href=&apos;/documents&apos;][text()=&apos;Документи&apos;]&quot;}<br/>
&nbsp; (Session info: chrome=52.0.2743.82)<br/>
&nbsp; (Driver info: chromedriver=2.20.353124 (035346203162d32c80f1dce587c8154a1efa0c3b),platform=Linux 3.14.35-28.38.amzn1.x86_64 x86_64) (WARNING: The server did not provide any stacktrace information)<br/>
Command duration or timeout: 10.05 seconds<br/>
For documentation on this error, please visit: http://seleniumhq.org/exceptions/no_such_element.html<br/>
Build info: version: &apos;2.46.0&apos;, revision: &apos;61506a4624b13675f24581e453592342b7485d71&apos;, time: &apos;2015-06-04 10:22:50&apos;<br/>
System info: host: &apos;iGov-AWS-Tech&apos;, ip: &apos;10.60.64.20&apos;, os.name: &apos;Linux&apos;, os.arch: &apos;amd64&apos;, os.version: &apos;3.14.35-28.38.amzn1.x86_64&apos;, java.version: &apos;1.8.0_73&apos;<br/>
Driver info: org.openqa.selenium.chrome.ChromeDriver<br/>
Capabilities [{applicationCacheEnabled=false, rotatable=false, mobileEmulationEnabled=false, chrome={userDataDir=/tmp/.com.google.Chrome.hvIJSj}, takesHeapSnapshot=true, databaseEnabled=false, handlesAlerts=true, hasTouchScreen=false, version=52.0.2743.82, platform=LINUX, browserConnectionEnabled=false, nativeEvents=true, acceptSslCerts=true, locationContextEnabled=true, webStorageEnabled=true, browserName=chrome, takesScreenshot=true, javascriptEnabled=true, cssSelectorsEnabled=true}]<br/>
Session ID: a043ff265810bd09bdf38d0cee9c9722<br/>
*** Element info: {Using=xpath, value=//a[@href=&apos;/documents&apos;][text()=&apos;Документи&apos;]}</b></a><br />
    <div class="stackTrace" id="exception-4">
              sun.reflect.NativeConstructorAccessorImpl.newInstance0(Native Method)<br />
              sun.reflect.NativeConstructorAccessorImpl.newInstance(NativeConstructorAccessorImpl.java:62)<br />
              sun.reflect.DelegatingConstructorAccessorImpl.newInstance(DelegatingConstructorAccessorImpl.java:45)<br />
              java.lang.reflect.Constructor.newInstance(Constructor.java:422)<br />
              org.openqa.selenium.remote.ErrorHandler.createThrowable(ErrorHandler.java:204)<br />
              org.openqa.selenium.remote.ErrorHandler.throwIfResponseFailed(ErrorHandler.java:156)<br />
              org.openqa.selenium.remote.RemoteWebDriver.execute(RemoteWebDriver.java:605)<br />
              org.openqa.selenium.remote.RemoteWebDriver.findElement(RemoteWebDriver.java:358)<br />
              org.openqa.selenium.remote.RemoteWebDriver.findElementByXPath(RemoteWebDriver.java:455)<br />
              org.openqa.selenium.By$ByXPath.findElement(By.java:358)<br />
              org.openqa.selenium.remote.RemoteWebDriver.findElement(RemoteWebDriver.java:350)<br />
              org.openqa.selenium.support.pagefactory.DefaultElementLocator.findElement(DefaultElementLocator.java:69)<br />
              org.openqa.selenium.support.pagefactory.internal.LocatingElementHandler.invoke(LocatingElementHandler.java:38)<br />
              com.sun.proxy.$Proxy7.click(Unknown Source)<br />
              autoTests.CustomMethods.openDocumentsPage(CustomMethods.java:298)<br />
              autoTests.TestSuite.A8_AccessToDocumentWithSMS(TestSuite.java:194)<br />
              autoTests.TestRunner.A8(TestRunner.java:88)<br />
              sun.reflect.NativeMethodAccessorImpl.invoke0(Native Method)<br />
              sun.reflect.NativeMethodAccessorImpl.invoke(NativeMethodAccessorImpl.java:62)<br />
              sun.reflect.DelegatingMethodAccessorImpl.invoke(DelegatingMethodAccessorImpl.java:43)<br />
              java.lang.reflect.Method.invoke(Method.java:497)<br />
              org.testng.internal.MethodInvocationHelper.invokeMethod(MethodInvocationHelper.java:85)<br />
              org.testng.internal.Invoker.invokeMethod(Invoker.java:639)<br />
              org.testng.internal.Invoker.invokeTestMethod(Invoker.java:821)<br />
              org.testng.internal.Invoker.invokeTestMethods(Invoker.java:1131)<br />
              org.testng.internal.TestMethodWorker.invokeTestMethods(TestMethodWorker.java:124)<br />
              org.testng.internal.TestMethodWorker.run(TestMethodWorker.java:108)<br />
              org.testng.TestRunner.privateRun(TestRunner.java:773)<br />
              org.testng.TestRunner.run(TestRunner.java:623)<br />
              org.testng.SuiteRunner.runTest(SuiteRunner.java:357)<br />
              org.testng.SuiteRunner.access$000(SuiteRunner.java:39)<br />
              org.testng.SuiteRunner$SuiteWorker.run(SuiteRunner.java:391)<br />
              org.testng.internal.thread.ThreadUtil$2.call(ThreadUtil.java:64)<br />
              java.util.concurrent.FutureTask.run(FutureTask.java:266)<br />
              java.util.concurrent.ThreadPoolExecutor.runWorker(ThreadPoolExecutor.java:1142)<br />
              java.util.concurrent.ThreadPoolExecutor$Worker.run(ThreadPoolExecutor.java:617)<br />
              java.lang.Thread.run(Thread.java:745)<br />
                </div>
      </td>
</tr>
<tr>
  <td class="method">
                  A9
      </td>
  <td class="duration">
    40,093s
  </td>
  <td class="result">
        
    
            <div class="testOutput">
                        <form id = "A9form" action= "" method="post">
<font color="blue" size="3">Проверка ноториальных</font>
<input type="Submit" value="Выполнить">
</form> 
<script type="text/javascript">
	var currentURL = document.URL;
	currentURL = currentURL.substring(0,currentURL.indexOf("/HTML_Report/"));
var jobNameStartIndex = currentURL.indexOf("AT.SELENIUM.");
while(currentURL.lastIndexOf("/") > jobNameStartIndex)
  currentURL = currentURL.substring(0,currentURL.lastIndexOf("/")); 	document.getElementById('A9form').action = currentURL + "/buildWithParameters?suiteFile=testng.xml&test=autoTests.TestRunner%23A9";
</script>
                                <b>1. Перейдем на страницу</b><br>
                                <b>2. Выполним проверки</b><br>
                                <center>Скриншот снят при падении теста A9.png, URL = https://beta.test.igov.org.ua/<br><div><a target="_blank" href="Screens/A9.png"><img  style="height:400px; width: 600px;"  src="Screens/A9.png"></a></div><center><br><br>
                  </div>
    

        <a href="javascript:toggleElement('exception-5', 'block')" title="Click to expand/collapse"><b>org.openqa.selenium.NoSuchElementException: no such element: Unable to locate element: {&quot;method&quot;:&quot;xpath&quot;,&quot;selector&quot;:&quot;//a[@href=&apos;/documents&apos;][text()=&apos;Документи&apos;]&quot;}<br/>
&nbsp; (Session info: chrome=52.0.2743.82)<br/>
&nbsp; (Driver info: chromedriver=2.20.353124 (035346203162d32c80f1dce587c8154a1efa0c3b),platform=Linux 3.14.35-28.38.amzn1.x86_64 x86_64) (WARNING: The server did not provide any stacktrace information)<br/>
Command duration or timeout: 10.05 seconds<br/>
For documentation on this error, please visit: http://seleniumhq.org/exceptions/no_such_element.html<br/>
Build info: version: &apos;2.46.0&apos;, revision: &apos;61506a4624b13675f24581e453592342b7485d71&apos;, time: &apos;2015-06-04 10:22:50&apos;<br/>
System info: host: &apos;iGov-AWS-Tech&apos;, ip: &apos;10.60.64.20&apos;, os.name: &apos;Linux&apos;, os.arch: &apos;amd64&apos;, os.version: &apos;3.14.35-28.38.amzn1.x86_64&apos;, java.version: &apos;1.8.0_73&apos;<br/>
Driver info: org.openqa.selenium.chrome.ChromeDriver<br/>
Capabilities [{applicationCacheEnabled=false, rotatable=false, mobileEmulationEnabled=false, chrome={userDataDir=/tmp/.com.google.Chrome.hvIJSj}, takesHeapSnapshot=true, databaseEnabled=false, handlesAlerts=true, hasTouchScreen=false, version=52.0.2743.82, platform=LINUX, browserConnectionEnabled=false, nativeEvents=true, acceptSslCerts=true, locationContextEnabled=true, webStorageEnabled=true, browserName=chrome, takesScreenshot=true, javascriptEnabled=true, cssSelectorsEnabled=true}]<br/>
Session ID: a043ff265810bd09bdf38d0cee9c9722<br/>
*** Element info: {Using=xpath, value=//a[@href=&apos;/documents&apos;][text()=&apos;Документи&apos;]}</b></a><br />
    <div class="stackTrace" id="exception-5">
              sun.reflect.NativeConstructorAccessorImpl.newInstance0(Native Method)<br />
              sun.reflect.NativeConstructorAccessorImpl.newInstance(NativeConstructorAccessorImpl.java:62)<br />
              sun.reflect.DelegatingConstructorAccessorImpl.newInstance(DelegatingConstructorAccessorImpl.java:45)<br />
              java.lang.reflect.Constructor.newInstance(Constructor.java:422)<br />
              org.openqa.selenium.remote.ErrorHandler.createThrowable(ErrorHandler.java:204)<br />
              org.openqa.selenium.remote.ErrorHandler.throwIfResponseFailed(ErrorHandler.java:156)<br />
              org.openqa.selenium.remote.RemoteWebDriver.execute(RemoteWebDriver.java:605)<br />
              org.openqa.selenium.remote.RemoteWebDriver.findElement(RemoteWebDriver.java:358)<br />
              org.openqa.selenium.remote.RemoteWebDriver.findElementByXPath(RemoteWebDriver.java:455)<br />
              org.openqa.selenium.By$ByXPath.findElement(By.java:358)<br />
              org.openqa.selenium.remote.RemoteWebDriver.findElement(RemoteWebDriver.java:350)<br />
              org.openqa.selenium.support.pagefactory.DefaultElementLocator.findElement(DefaultElementLocator.java:69)<br />
              org.openqa.selenium.support.pagefactory.internal.LocatingElementHandler.invoke(LocatingElementHandler.java:38)<br />
              com.sun.proxy.$Proxy7.click(Unknown Source)<br />
              autoTests.CustomMethods.openDocumentsPage(CustomMethods.java:298)<br />
              autoTests.TestSuite.A9_СheckNotaryTabTest(TestSuite.java:225)<br />
              autoTests.TestRunner.A9(TestRunner.java:98)<br />
              sun.reflect.NativeMethodAccessorImpl.invoke0(Native Method)<br />
              sun.reflect.NativeMethodAccessorImpl.invoke(NativeMethodAccessorImpl.java:62)<br />
              sun.reflect.DelegatingMethodAccessorImpl.invoke(DelegatingMethodAccessorImpl.java:43)<br />
              java.lang.reflect.Method.invoke(Method.java:497)<br />
              org.testng.internal.MethodInvocationHelper.invokeMethod(MethodInvocationHelper.java:85)<br />
              org.testng.internal.Invoker.invokeMethod(Invoker.java:639)<br />
              org.testng.internal.Invoker.invokeTestMethod(Invoker.java:821)<br />
              org.testng.internal.Invoker.invokeTestMethods(Invoker.java:1131)<br />
              org.testng.internal.TestMethodWorker.invokeTestMethods(TestMethodWorker.java:124)<br />
              org.testng.internal.TestMethodWorker.run(TestMethodWorker.java:108)<br />
              org.testng.TestRunner.privateRun(TestRunner.java:773)<br />
              org.testng.TestRunner.run(TestRunner.java:623)<br />
              org.testng.SuiteRunner.runTest(SuiteRunner.java:357)<br />
              org.testng.SuiteRunner.access$000(SuiteRunner.java:39)<br />
              org.testng.SuiteRunner$SuiteWorker.run(SuiteRunner.java:391)<br />
              org.testng.internal.thread.ThreadUtil$2.call(ThreadUtil.java:64)<br />
              java.util.concurrent.FutureTask.run(FutureTask.java:266)<br />
              java.util.concurrent.ThreadPoolExecutor.runWorker(ThreadPoolExecutor.java:1142)<br />
              java.util.concurrent.ThreadPoolExecutor$Worker.run(ThreadPoolExecutor.java:617)<br />
              java.lang.Thread.run(Thread.java:745)<br />
                </div>
      </td>
</tr>
      </table>


  <table class="resultsTable">
    <tr><th colspan="3" class="header passed">Passed Tests</th></tr>
          <tr>
        <td colspan="3" class="group">autoTests.TestRunner</td>
      </tr>
            
<tr>
  <td class="method">
                  A10
      </td>
  <td class="duration">
    15,248s
  </td>
  <td class="result">
        
    
            <div class="testOutput">
                        <form id = "A10form" action= "" method="post">
<font color="blue" size="3">Мій журнал</font>
<input type="Submit" value="Выполнить">
</form> 
<script type="text/javascript">
	var currentURL = document.URL;
	currentURL = currentURL.substring(0,currentURL.indexOf("/HTML_Report/"));
var jobNameStartIndex = currentURL.indexOf("AT.SELENIUM.");
while(currentURL.lastIndexOf("/") > jobNameStartIndex)
  currentURL = currentURL.substring(0,currentURL.lastIndexOf("/")); 	document.getElementById('A10form').action = currentURL + "/buildWithParameters?suiteFile=testng.xml&test=autoTests.TestRunner%23A10";
</script>
                                <b>1. Перейдем на страницу</b><br>
                                <b>2. Выполним проверки</b><br>
                                The test - "A10" was successfully ended(24.7.2016 17:37:26)
                  </div>
    

      </td>
</tr>
<tr>
  <td class="method">
                  A4
      </td>
  <td class="duration">
    35,256s
  </td>
  <td class="result">
        
    
            <div class="testOutput">
                        <form id = "A4form" action= "" method="post">
<font color="blue" size="3">Видача архівних довідок, копій, витягів</font>
<input type="Submit" value="Выполнить">
</form> 
<script type="text/javascript">
	var currentURL = document.URL;
	currentURL = currentURL.substring(0,currentURL.indexOf("/HTML_Report/"));
var jobNameStartIndex = currentURL.indexOf("AT.SELENIUM.");
while(currentURL.lastIndexOf("/") > jobNameStartIndex)
  currentURL = currentURL.substring(0,currentURL.lastIndexOf("/")); 	document.getElementById('A4form').action = currentURL + "/buildWithParameters?suiteFile=testng.xml&test=autoTests.TestRunner%23A4";
</script>
                                <b>1. Перейдем на страницу</b><br>
                                <b>2. Выполним проверки</b><br>
                                The test - "A4" was successfully ended(24.7.2016 17:34:1)
                  </div>
    

      </td>
</tr>
<tr>
  <td class="method">
                  A5
      </td>
  <td class="duration">
    37,776s
  </td>
  <td class="result">
        
    
            <div class="testOutput">
                        <form id = "A5form" action= "" method="post">
<font color="blue" size="3">Надання довідки про притягнення до кримінальної відповідальності</font>
<input type="Submit" value="Выполнить">
</form> 
<script type="text/javascript">
	var currentURL = document.URL;
	currentURL = currentURL.substring(0,currentURL.indexOf("/HTML_Report/"));
var jobNameStartIndex = currentURL.indexOf("AT.SELENIUM.");
while(currentURL.lastIndexOf("/") > jobNameStartIndex)
  currentURL = currentURL.substring(0,currentURL.lastIndexOf("/")); 	document.getElementById('A5form').action = currentURL + "/buildWithParameters?suiteFile=testng.xml&test=autoTests.TestRunner%23A5";
</script>
                                <b>1. Перейдем на страницу</b><br>
                                <b>2. Выполним проверки</b><br>
                                The test - "A5" was successfully ended(24.7.2016 17:34:38)
                  </div>
    

      </td>
</tr>
<tr>
  <td class="method">
                  A6
      </td>
  <td class="duration">
    33,076s
  </td>
  <td class="result">
        
    
            <div class="testOutput">
                        <form id = "A6form" action= "" method="post">
<font color="blue" size="3">проверка возможности выдачи загран пасспорта</font>
<input type="Submit" value="Выполнить">
</form> 
<script type="text/javascript">
	var currentURL = document.URL;
	currentURL = currentURL.substring(0,currentURL.indexOf("/HTML_Report/"));
var jobNameStartIndex = currentURL.indexOf("AT.SELENIUM.");
while(currentURL.lastIndexOf("/") > jobNameStartIndex)
  currentURL = currentURL.substring(0,currentURL.lastIndexOf("/")); 	document.getElementById('A6form').action = currentURL + "/buildWithParameters?suiteFile=testng.xml&test=autoTests.TestRunner%23A6";
</script>
                                <b>1. Перейдем на страницу</b><br>
                                <b>2. Выполним проверки</b><br>
                                The test - "A6" was successfully ended(24.7.2016 17:35:11)
                  </div>
    

      </td>
</tr>
      </table>
  
</body>
</html>
