<?xml version="1.0" encoding="UTF-8"?>
<testng-results skipped="0" failed="1" total="1" passed="0">
  <reporter-output>
    <line>
      <![CDATA[<center>Скриншот снят при падении теста DnipropetrovskSubsidyTest.png, URL = https://test-version.igov.org.ua/service/654/general/place/built-in/region/0/city/0<br><div><a target="_blank" href="Screens/DnipropetrovskSubsidyTest.png"><img  style="height:400px; width: 600px;"  src="Screens/DnipropetrovskSubsidyTest.png"></a></div><center><br><br>]]>
    </line>
  </reporter-output>
  <suite name="Default suite" duration-ms="76615" started-at="2015-11-16T09:57:38Z" finished-at="2015-11-16T09:58:54Z">
    <groups>
    </groups>
    <test name="Default test" duration-ms="76615" started-at="2015-11-16T09:57:38Z" finished-at="2015-11-16T09:58:54Z">
      <class name="tests.SubsidyTest">
        <test-method status="PASS" signature="setUp()[pri:0, instance:tests.SubsidyTest@75bd9247]" name="setUp" is-config="true" duration-ms="9392" started-at="2015-11-16T11:57:38Z" finished-at="2015-11-16T11:57:47Z">
          <reporter-output>
          </reporter-output>
        </test-method> <!-- setUp -->
        <test-method status="PASS" signature="set()[pri:0, instance:tests.SubsidyTest@75bd9247]" name="set" is-config="true" duration-ms="1076" started-at="2015-11-16T11:57:47Z" finished-at="2015-11-16T11:57:48Z">
          <reporter-output>
          </reporter-output>
        </test-method> <!-- set -->
        <test-method status="FAIL" signature="DnipropetrovskSubsidyTest()[pri:0, instance:tests.SubsidyTest@75bd9247]" name="DnipropetrovskSubsidyTest" duration-ms="65158" started-at="2015-11-16T11:57:48Z" finished-at="2015-11-16T11:58:53Z">
          <exception class="org.openqa.selenium.NoSuchElementException">
            <message>
              <![CDATA[Unable to locate element: {"method":"name","selector":"area"}
Command duration or timeout: 30.05 seconds
For documentation on this error, please visit: http://seleniumhq.org/exceptions/no_such_element.html
Build info: version: '2.48.2', revision: '41bccdd10cf2c0560f637404c2d96164b67d9d67', time: '2015-10-09 13:08:06'
System info: host: 'DESKTOP-447HEGD', ip: '192.168.1.4', os.name: 'Windows 10', os.arch: 'amd64', os.version: '10.0', java.version: '1.8.0_65'
Driver info: org.openqa.selenium.firefox.FirefoxDriver
Capabilities [{applicationCacheEnabled=true, rotatable=false, handlesAlerts=true, databaseEnabled=true, version=42.0, platform=WINDOWS, nativeEvents=false, acceptSslCerts=true, webStorageEnabled=true, locationContextEnabled=true, browserName=firefox, takesScreenshot=true, javascriptEnabled=true, cssSelectorsEnabled=true}]
Session ID: 38a961f0-0995-412e-ac83-94be22d5bd4e
*** Element info: {Using=name, value=area}]]>
            </message>
            <full-stacktrace>
              <![CDATA[org.openqa.selenium.NoSuchElementException: Unable to locate element: {"method":"name","selector":"area"}
Command duration or timeout: 30.05 seconds
For documentation on this error, please visit: http://seleniumhq.org/exceptions/no_such_element.html
Build info: version: '2.48.2', revision: '41bccdd10cf2c0560f637404c2d96164b67d9d67', time: '2015-10-09 13:08:06'
System info: host: 'DESKTOP-447HEGD', ip: '192.168.1.4', os.name: 'Windows 10', os.arch: 'amd64', os.version: '10.0', java.version: '1.8.0_65'
Driver info: org.openqa.selenium.firefox.FirefoxDriver
Capabilities [{applicationCacheEnabled=true, rotatable=false, handlesAlerts=true, databaseEnabled=true, version=42.0, platform=WINDOWS, nativeEvents=false, acceptSslCerts=true, webStorageEnabled=true, locationContextEnabled=true, browserName=firefox, takesScreenshot=true, javascriptEnabled=true, cssSelectorsEnabled=true}]
Session ID: 38a961f0-0995-412e-ac83-94be22d5bd4e
*** Element info: {Using=name, value=area}
	at sun.reflect.NativeConstructorAccessorImpl.newInstance0(Native Method)
	at sun.reflect.NativeConstructorAccessorImpl.newInstance(Unknown Source)
	at sun.reflect.DelegatingConstructorAccessorImpl.newInstance(Unknown Source)
	at java.lang.reflect.Constructor.newInstance(Unknown Source)
	at org.openqa.selenium.remote.ErrorHandler.createThrowable(ErrorHandler.java:206)
	at org.openqa.selenium.remote.ErrorHandler.throwIfResponseFailed(ErrorHandler.java:158)
	at org.openqa.selenium.remote.RemoteWebDriver.execute(RemoteWebDriver.java:647)
	at org.openqa.selenium.remote.RemoteWebDriver.findElement(RemoteWebDriver.java:353)
	at org.openqa.selenium.remote.RemoteWebDriver.findElementByName(RemoteWebDriver.java:451)
	at org.openqa.selenium.By$ByName.findElement(By.java:303)
	at org.openqa.selenium.remote.RemoteWebDriver.findElement(RemoteWebDriver.java:345)
	at org.openqa.selenium.support.pagefactory.DefaultElementLocator.findElement(DefaultElementLocator.java:69)
	at org.openqa.selenium.support.pagefactory.internal.LocatingElementHandler.invoke(LocatingElementHandler.java:38)
	at com.sun.proxy.$Proxy8.getTagName(Unknown Source)
	at org.openqa.selenium.support.ui.Select.<init>(Select.java:44)
	at ServicePages.SubsidyPage.selectArea(SubsidyPage.java:105)
	at tests.SubsidyTest.DnipropetrovskSubsidyTest(SubsidyTest.java:59)
	at sun.reflect.NativeMethodAccessorImpl.invoke0(Native Method)
	at sun.reflect.NativeMethodAccessorImpl.invoke(Unknown Source)
	at sun.reflect.DelegatingMethodAccessorImpl.invoke(Unknown Source)
	at java.lang.reflect.Method.invoke(Unknown Source)
	at org.testng.internal.MethodInvocationHelper.invokeMethod(MethodInvocationHelper.java:84)
	at org.testng.internal.Invoker.invokeMethod(Invoker.java:714)
	at org.testng.internal.Invoker.invokeTestMethod(Invoker.java:901)
	at org.testng.internal.Invoker.invokeTestMethods(Invoker.java:1231)
	at org.testng.internal.TestMethodWorker.invokeTestMethods(TestMethodWorker.java:127)
	at org.testng.internal.TestMethodWorker.run(TestMethodWorker.java:111)
	at org.testng.TestRunner.privateRun(TestRunner.java:767)
	at org.testng.TestRunner.run(TestRunner.java:617)
	at org.testng.SuiteRunner.runTest(SuiteRunner.java:348)
	at org.testng.SuiteRunner.runSequentially(SuiteRunner.java:343)
	at org.testng.SuiteRunner.privateRun(SuiteRunner.java:305)
	at org.testng.SuiteRunner.run(SuiteRunner.java:254)
	at org.testng.SuiteRunnerWorker.runSuite(SuiteRunnerWorker.java:52)
	at org.testng.SuiteRunnerWorker.run(SuiteRunnerWorker.java:86)
	at org.testng.TestNG.runSuitesSequentially(TestNG.java:1224)
	at org.testng.TestNG.runSuitesLocally(TestNG.java:1149)
	at org.testng.TestNG.run(TestNG.java:1057)
	at org.testng.remote.RemoteTestNG.run(RemoteTestNG.java:115)
	at org.testng.remote.RemoteTestNG.initAndRun(RemoteTestNG.java:207)
	at org.testng.remote.RemoteTestNG.main(RemoteTestNG.java:178)
Caused by: org.openqa.selenium.NoSuchElementException: Unable to locate element: {"method":"name","selector":"area"}
For documentation on this error, please visit: http://seleniumhq.org/exceptions/no_such_element.html
Build info: version: '2.48.2', revision: '41bccdd10cf2c0560f637404c2d96164b67d9d67', time: '2015-10-09 13:08:06'
System info: host: 'DESKTOP-447HEGD', ip: '192.168.1.4', os.name: 'Windows 10', os.arch: 'amd64', os.version: '10.0', java.version: '1.8.0_65'
Driver info: driver.version: unknown
	at <anonymous class>.FirefoxDriver.prototype.findElementInternal_(file:///C:/Users/nazar/AppData/Local/Temp/anonymous3786983744355128952webdriver-profile/extensions/fxdriver@googlecode.com/components/driver-component.js:10659)
	at <anonymous class>.fxdriver.Timer.prototype.setTimeout/<.notify(file:///C:/Users/nazar/AppData/Local/Temp/anonymous3786983744355128952webdriver-profile/extensions/fxdriver@googlecode.com/components/driver-component.js:621)
]]>
            </full-stacktrace>
          </exception> <!-- org.openqa.selenium.NoSuchElementException -->
          <reporter-output>
            <line>
              <![CDATA[<center>Скриншот снят при падении теста DnipropetrovskSubsidyTest.png, URL = https://test-version.igov.org.ua/service/654/general/place/built-in/region/0/city/0<br><div><a target="_blank" href="Screens/DnipropetrovskSubsidyTest.png"><img  style="height:400px; width: 600px;"  src="Screens/DnipropetrovskSubsidyTest.png"></a></div><center><br><br>]]>
            </line>
          </reporter-output>
        </test-method> <!-- DnipropetrovskSubsidyTest -->
        <test-method status="PASS" signature="takeScreenshot(org.testng.ITestResult)[pri:0, instance:tests.SubsidyTest@75bd9247]" name="takeScreenshot" is-config="true" duration-ms="428" started-at="2015-11-16T11:58:53Z" finished-at="2015-11-16T11:58:54Z">
          <params>
            <param index="0">
              <value>
                <![CDATA[[TestResult name=DnipropetrovskSubsidyTest status=FAILURE method=SubsidyTest.DnipropetrovskSubsidyTest()[pri:0, instance:tests.SubsidyTest@75bd9247] output=<center>Скриншот снят при падении теста DnipropetrovskSubsidyTest.png, URL = https://test-version.igov.org.ua/service/654/general/place/built-in/region/0/city/0<br><div><a target="_blank" href="Screens/DnipropetrovskSubsidyTest.png"><img  style="height:400px; width: 600px;"  src="Screens/DnipropetrovskSubsidyTest.png"></a></div><center><br><br>]]]>
              </value>
            </param>
          </params>
          <reporter-output>
          </reporter-output>
        </test-method> <!-- takeScreenshot -->
        <test-method status="PASS" signature="tearsDown()[pri:0, instance:tests.SubsidyTest@75bd9247]" name="tearsDown" is-config="true" duration-ms="542" started-at="2015-11-16T11:58:54Z" finished-at="2015-11-16T11:58:54Z">
          <reporter-output>
          </reporter-output>
        </test-method> <!-- tearsDown -->
      </class> <!-- tests.SubsidyTest -->
    </test> <!-- Default test -->
  </suite> <!-- Default suite -->
</testng-results>
